2023-02-28 14:10:53,751 INFO Bot: Wikipedia_Parsing_Bot [@Wikipedia_Parsing_Bot]
2023-02-28 14:10:53,871 WARNING Updates were skipped successfully.
2023-02-28 14:10:53,871 INFO Start polling.
2023-02-28 14:11:02,617 INFO Пользователь Никита Овчинников активировал бота
2023-02-28 14:11:02,824 INFO Бот отправил приветственное сообщение пользователю Никита Овчинников
2023-02-28 14:11:02,825 INFO Подключение к БД произошло успешно
2023-02-28 14:11:02,944 INFO Создана таблица users
2023-02-28 14:11:03,013 INFO Пользователь Никита Овчинников успешно внесён в БД
2023-02-28 14:11:03,100 INFO Создана таблица articles
2023-02-28 14:11:15,203 INFO Пользователь Никита Овчинников ввёл сообщение Кошка
2023-02-28 14:11:15,408 INFO Полльзователь Никита Овчинников получил сообщение со ссылкой https://ru.wikipedia.org/w/index.php?go=Перейти&search=Кошка
2023-02-28 14:11:15,486 INFO Статья успешно внесена в БД
2023-02-28 14:11:25,291 INFO Пользователь Никита Овчинников ввёл сообщение Медведь
2023-02-28 14:11:25,518 INFO Полльзователь Никита Овчинников получил сообщение со ссылкой https://ru.wikipedia.org/w/index.php?go=Перейти&search=Медведь
2023-02-28 14:11:25,587 INFO Статья успешно внесена в БД
2023-02-28 14:11:32,888 INFO Пользователь Никита Овчинников ввёл сообщение Яблоко
2023-02-28 14:11:33,248 INFO Полльзователь Никита Овчинников получил сообщение со ссылкой https://ru.wikipedia.org/w/index.php?go=Перейти&search=Яблоко
2023-02-28 14:11:33,319 INFO Статья успешно внесена в БД
2023-02-28 14:11:45,179 INFO Пользователь Никита Овчинников ввёл сообщение Банан
2023-02-28 14:11:45,344 INFO Полльзователь Никита Овчинников получил сообщение со ссылкой https://ru.wikipedia.org/w/index.php?go=Перейти&search=Банан
2023-02-28 14:11:45,425 INFO Статья успешно внесена в БД
